<?xml version="1.0" encoding="UTF-8"?>
<!-- Generated by org.testng.reporters.JUnitReportReporter -->
<testsuite hostname="Sayons-MacBook-Air.local" failures="0" tests="2" name="com.crm.qa.testcases.LoginTest" time="29.681" errors="0" timestamp="2023-08-16T21:24:30 EDT" skipped="0">
  <testcase classname="com.crm.qa.testcases.LoginTest" name="createNewUserAccount" time="14.276"/>
  <system-out/>
  <testcase classname="com.crm.qa.testcases.LoginTest" name="createNewUserAccount" time="15.405"/>
  <system-out/>
</testsuite> <!-- com.crm.qa.testcases.LoginTest -->
