<?xml version="1.0" encoding="UTF-8"?>
<!-- Generated by org.testng.reporters.JUnitReportReporter -->
<testsuite hostname="Sayons-MacBook-Air.local" failures="0" tests="2" name="com.crm.qa.testcases.LoginTest" time="18.515" errors="0" timestamp="2023-08-12T13:07:22 EDT" skipped="0">
  <testcase classname="com.crm.qa.testcases.LoginTest" name="createNewUserAccount" time="8.896"/>
  <system-out/>
  <testcase classname="com.crm.qa.testcases.LoginTest" name="createNewUserAccount" time="9.619"/>
  <system-out/>
</testsuite> <!-- com.crm.qa.testcases.LoginTest -->
